<?xml version="1.0" encoding="UTF-8"?>
<!-- Generated by org.testng.reporters.JUnitXMLReporter -->
<testsuite ignored="0" hostname="tutkus-Air.fritz.box" failures="0" tests="4" name="Default test" time="110.078" errors="0" timestamp="2021-02-04T16:24:41 CET">
  <testcase classname="com.linkedin.test.AddSkillTest" name="loginToLinkedinWithExistAccount" time="8.858"/>
  <testcase classname="com.linkedin.test.AddSkillTest" name="navigationToProfile" time="12.711"/>
  <testcase classname="com.linkedin.test.AddSkillTest" name="scrollDownToAddSkillArea" time="21.094"/>
  <testcase classname="com.linkedin.test.AddSkillTest" name="addingSkill" time="28.287"/>
</testsuite> <!-- Default test -->
